This is pdfTeX, Version 3.14159265-2.6-1.40.18 (TeX Live 2017/TeX Live for SUSE Linux) (preloaded format=pdflatex 2022.2.15)  15 JUN 2022 14:04
entering extended mode
 restricted \write18 enabled.
 %&-line parsing enabled.
**DigBV_Aufgabe.tex
(./DigBV_Aufgabe.tex
LaTeX2e <2017-04-15>
Babel <3.10> and hyphenation patterns for 84 language(s) loaded.
(/usr/share/texmf/tex/latex/standalone/standalone.cls
Document Class: standalone 2015/07/15 v1.2 Class to compile TeX sub-files stand
alone
(/usr/share/texmf/tex/generic/oberdiek/ifluatex.sty
Package: ifluatex 2016/05/16 v1.4 Provides the ifluatex switch (HO)
Package ifluatex Info: LuaTeX not detected.
)
(/usr/share/texmf/tex/generic/oberdiek/ifpdf.sty
Package: ifpdf 2017/03/15 v3.2 Provides the ifpdf switch
)
(/usr/share/texmf/tex/generic/ifxetex/ifxetex.sty
Package: ifxetex 2010/09/12 v0.6 Provides ifxetex conditional
)
(/usr/share/texmf/tex/latex/xkeyval/xkeyval.sty
Package: xkeyval 2014/12/03 v2.7a package option processing (HA)

(/usr/share/texmf/tex/generic/xkeyval/xkeyval.tex
(/usr/share/texmf/tex/generic/xkeyval/xkvutils.tex
\XKV@toks=\toks14
\XKV@tempa@toks=\toks15

(/usr/share/texmf/tex/generic/xkeyval/keyval.tex))
\XKV@depth=\count79
File: xkeyval.tex 2014/12/03 v2.7a key=value parser (HA)
))
\sa@internal=\count80
\c@sapage=\count81

(/usr/share/texmf/tex/latex/standalone/standalone.cfg
File: standalone.cfg 2015/07/15 v1.2 Default configuration file for 'standalone
' class
)
(/usr/share/texmf/tex/latex/base/article.cls
Document Class: article 2014/09/29 v1.4h Standard LaTeX document class
(/usr/share/texmf/tex/latex/base/size10.clo
File: size10.clo 2014/09/29 v1.4h Standard LaTeX file (size option)
)
\c@part=\count82
\c@section=\count83
\c@subsection=\count84
\c@subsubsection=\count85
\c@paragraph=\count86
\c@subparagraph=\count87
\c@figure=\count88
\c@table=\count89
\abovecaptionskip=\skip41
\belowcaptionskip=\skip42
\bibindent=\dimen102
))
(/usr/share/texmf/tex/latex/standalone/standalone.sty
Package: standalone 2015/07/15 v1.2 Package to include TeX sub-files with pream
bles

(/usr/share/texmf/tex/latex/currfile/currfile.sty
Package: currfile 2015/04/23 v0.7c Provides the file path elements of the curre
nt input file

(/usr/share/texmf/tex/latex/oberdiek/kvoptions.sty
Package: kvoptions 2016/05/16 v3.12 Key value format for package options (HO)

(/usr/share/texmf/tex/generic/oberdiek/ltxcmds.sty
Package: ltxcmds 2016/05/16 v1.23 LaTeX kernel commands for general use (HO)
)
(/usr/share/texmf/tex/generic/oberdiek/kvsetkeys.sty
Package: kvsetkeys 2016/05/16 v1.17 Key value parser (HO)

(/usr/share/texmf/tex/generic/oberdiek/infwarerr.sty
Package: infwarerr 2016/05/16 v1.4 Providing info/warning/error messages (HO)
)
(/usr/share/texmf/tex/generic/oberdiek/etexcmds.sty
Package: etexcmds 2016/05/16 v1.6 Avoid name clashes with e-TeX commands (HO)
Package etexcmds Info: Could not find \expanded.
(etexcmds)             That can mean that you are not using pdfTeX 1.50 or
(etexcmds)             that some package has redefined \expanded.
(etexcmds)             In the latter case, load this package earlier.
)))
(/usr/share/texmf/tex/latex/filehook/filehook.sty
Package: filehook 2011/10/12 v0.5d Hooks for input files
)
\c@currfiledepth=\count90
)
(/usr/share/texmf/tex/latex/gincltex/gincltex.sty
(/usr/share/texmf/tex/latex/svn-prov/svn-prov.sty
Package: svn-prov 2010/04/24 v3.1862 Package Date/Version from SVN Keywords
)
Package: gincltex 2011/09/04 v0.3 Include external LaTeX files like graphics

(/usr/share/texmf/tex/latex/adjustbox/adjustbox.sty
Package: adjustbox 2012/05/21 v1.0 Adjusting TeX boxes (trim, clip, ...)

(/usr/share/texmf/tex/latex/adjustbox/adjcalc.sty
Package: adjcalc 2012/05/16 v1.1 Provides advanced setlength with multiple back
-ends (calc, etex, pgfmath)
)
(/usr/share/texmf/tex/latex/adjustbox/trimclip.sty
Package: trimclip 2012/05/16 v1.0 Trim and clip general TeX material

(/usr/share/texmf/tex/latex/graphics/graphicx.sty
Package: graphicx 2014/10/28 v1.0g Enhanced LaTeX Graphics (DPC,SPQR)

(/usr/share/texmf/tex/latex/graphics/graphics.sty
Package: graphics 2017/04/14 v1.1b Standard LaTeX Graphics (DPC,SPQR)

(/usr/share/texmf/tex/latex/graphics/trig.sty
Package: trig 2016/01/03 v1.10 sin cos tan (DPC)
)
(/usr/share/texmf/tex/latex/graphics-cfg/graphics.cfg
File: graphics.cfg 2016/06/04 v1.11 sample graphics configuration
)
Package graphics Info: Driver file: pdftex.def on input line 99.

(/usr/share/texmf/tex/latex/graphics-def/pdftex.def
File: pdftex.def 2017/01/12 v0.06k Graphics/color for pdfTeX
\Gread@gobject=\count91
))
\Gin@req@height=\dimen103
\Gin@req@width=\dimen104
)
(/usr/share/texmf/tex/latex/collectbox/collectbox.sty
Package: collectbox 2012/05/17 v0.4b Collect macro arguments as boxes
\collectedbox=\box26
)
\tc@llx=\dimen105
\tc@lly=\dimen106
\tc@urx=\dimen107
\tc@ury=\dimen108
Package trimclip Info: Using driver 'tc-pdftex.def'.

(/usr/share/texmf/tex/latex/adjustbox/tc-pdftex.def
File: tc-pdftex.def 2012/05/13 v1.0 Clipping driver for pdftex
))
\adjbox@Width=\dimen109
\adjbox@Height=\dimen110
\adjbox@Depth=\dimen111
\adjbox@Totalheight=\dimen112

(/usr/share/texmf/tex/latex/ifoddpage/ifoddpage.sty
Package: ifoddpage 2016/04/23 v1.1 Conditionals for odd/even page detection
\c@checkoddpage=\count92
)
(/usr/share/texmf/tex/latex/varwidth/varwidth.sty
Package: varwidth 2009/03/30 ver 0.92;  Variable-width minipages
\@vwid@box=\box27
\sift@deathcycles=\count93
\@vwid@loff=\dimen113
\@vwid@roff=\dimen114
))
\gincltex@box=\box28
)
(/usr/share/texmf/tex/latex/filemod/filemod-expmin.sty
Package: filemod-expmin 2011/09/19 v1.2 Get and compare file modification times
 (expandable; minimal)
)) (./labor.sty)
(/usr/share/texmf/tex/latex/pageslts/pageslts.sty
Package: pageslts 2015/12/21 v1.2f Refers to special pages' numbers/names (HMM)


(/usr/share/texmf/tex/latex/oberdiek/atveryend.sty
Package: atveryend 2016/05/16 v1.9 Hooks at the very end of document (HO)
)
(/usr/share/texmf/tex/latex/ms/everyshi.sty
Package: everyshi 2001/05/15 v3.00 EveryShipout Package (MS)
)
(/usr/share/texmf/tex/latex/oberdiek/letltxmacro.sty
Package: letltxmacro 2016/05/16 v1.5 Let assignment for LaTeX macros (HO)
)
(/usr/share/texmf/tex/latex/undolabl/undolabl.sty
Package: undolabl 2015/03/29 v1.0l Overriding labels (HMM)
)
(/usr/share/texmf/tex/latex/oberdiek/rerunfilecheck.sty
Package: rerunfilecheck 2016/05/16 v1.8 Rerun checks for auxiliary files (HO)

(/usr/share/texmf/tex/generic/oberdiek/pdftexcmds.sty
Package: pdftexcmds 2017/03/19 v0.25 Utility functions of pdfTeX for LuaTeX (HO
)
Package pdftexcmds Info: LuaTeX not detected.
Package pdftexcmds Info: \pdf@primitive is available.
Package pdftexcmds Info: \pdf@ifprimitive is available.
Package pdftexcmds Info: \pdfdraftmode found.
)
(/usr/share/texmf/tex/generic/oberdiek/uniquecounter.sty
Package: uniquecounter 2016/05/16 v1.3 Provide unlimited unique counter (HO)

(/usr/share/texmf/tex/generic/oberdiek/bigintcalc.sty
Package: bigintcalc 2016/05/16 v1.4 Expandable calculations on big integers (HO
)
))
Package uniquecounter Info: New unique counter `rerunfilecheck' on input line 2
82.
)
Package pageslts Info: Option pagecontinue enabled
(pageslts)             (maybe by default):
(pageslts)             The pageslts package will continue the page numbering,
(pageslts)             when the same page numbering scheme is used twice.
(pageslts)             If you do not want this, call pageslts with option
(pageslts)             pagecontinue=false (or use \setcounter{page}=1).
(pageslts)              on input line 179.

(/usr/share/texmf/tex/generic/oberdiek/alphalph.sty
Package: alphalph 2016/05/16 v2.5 Convert numbers to letters (HO)

(/usr/share/texmf/tex/generic/oberdiek/intcalc.sty
Package: intcalc 2016/05/16 v1.2 Expandable calculations with integers (HO)
))
Package pageslts Info: Option romanMult enabled
(pageslts)             (maybe by default):
(pageslts)             The pageslts package will extend the page numbering
(pageslts)             of the roman scheme below i with
(pageslts)             0, -i, -ii, -iii, -iv,...
(pageslts)             If you do not want this, call pageslts with option
(pageslts)             romanMult=false.
(pageslts)              on input line 278.
Package pageslts Info: Option RomanMulti enabled
(pageslts)             (maybe by default):
(pageslts)             The pageslts package will extend the page numbering
(pageslts)             of the Roman scheme below I with
(pageslts)             0, -I, -II, -III, -IV,...
(pageslts)             If you do not want this, call pageslts with option
(pageslts)             RomanMulti=false.
(pageslts)              on input line 300.
Package pageslts Info: Option fnsymbolmult enabled
(pageslts)             (maybe by default):
(pageslts)             The pageslts package will extend the page numbering
(pageslts)             of the footnotesymbol scheme using the alphalph
(pageslts)             package.
(pageslts)             If you do not want this, call pageslts with option
(pageslts)             fnsymbolmult=false.
(pageslts)              on input line 322.
\c@CurrentPage=\count94
\c@pagesLTS.pagenr=\count95
\c@pagesLTS.current.local.0=\count96
\c@pagesLTS.pnc.0=\count97
)
(/usr/share/texmf/tex/latex/hyperref/hyperref.sty
Package: hyperref 2017/03/14 v6.85a Hypertext links for LaTeX

(/usr/share/texmf/tex/generic/oberdiek/hobsub-hyperref.sty
Package: hobsub-hyperref 2016/05/16 v1.14 Bundle oberdiek, subset hyperref (HO)


(/usr/share/texmf/tex/generic/oberdiek/hobsub-generic.sty
Package: hobsub-generic 2016/05/16 v1.14 Bundle oberdiek, subset generic (HO)
Package: hobsub 2016/05/16 v1.14 Construct package bundles (HO)
Package hobsub Info: Skipping package `infwarerr' (already loaded).
Package hobsub Info: Skipping package `ltxcmds' (already loaded).
Package hobsub Info: Skipping package `ifluatex' (already loaded).
Package: ifvtex 2016/05/16 v1.6 Detect VTeX and its facilities (HO)
Package ifvtex Info: VTeX not detected.
Package hobsub Info: Skipping package `intcalc' (already loaded).
Package hobsub Info: Skipping package `ifpdf' (already loaded).
Package hobsub Info: Skipping package `etexcmds' (already loaded).
Package hobsub Info: Skipping package `kvsetkeys' (already loaded).
Package: kvdefinekeys 2016/05/16 v1.4 Define keys (HO)
Package hobsub Info: Skipping package `pdftexcmds' (already loaded).
Package: pdfescape 2016/05/16 v1.14 Implements pdfTeX's escape features (HO)
Package hobsub Info: Skipping package `bigintcalc' (already loaded).
Package: bitset 2016/05/16 v1.2 Handle bit-vector datatype (HO)
Package hobsub Info: Skipping package `uniquecounter' (already loaded).
)
Package hobsub Info: Skipping package `hobsub' (already loaded).
Package hobsub Info: Skipping package `letltxmacro' (already loaded).
Package: hopatch 2016/05/16 v1.3 Wrapper for package hooks (HO)
Package: xcolor-patch 2016/05/16 xcolor patch
Package hobsub Info: Skipping package `atveryend' (already loaded).
Package: atbegshi 2016/06/09 v1.18 At begin shipout hook (HO)
Package: refcount 2016/05/16 v3.5 Data extraction from label references (HO)
Package: hycolor 2016/05/16 v1.8 Color options for hyperref/bookmark (HO)
)
(/usr/share/texmf/tex/latex/oberdiek/auxhook.sty
Package: auxhook 2016/05/16 v1.4 Hooks for auxiliary files (HO)
)
\@linkdim=\dimen115
\Hy@linkcounter=\count98
\Hy@pagecounter=\count99

(/usr/share/texmf/tex/latex/hyperref/pd1enc.def
File: pd1enc.def 2017/03/14 v6.85a Hyperref: PDFDocEncoding definition (HO)
)
\Hy@SavedSpaceFactor=\count100

(/usr/share/texmf/tex/latex/latexconfig/hyperref.cfg
File: hyperref.cfg 2002/06/06 v1.2 hyperref configuration of TeXLive
)
Package hyperref Info: Hyper figures OFF on input line 4498.
Package hyperref Info: Link nesting OFF on input line 4503.
Package hyperref Info: Hyper index ON on input line 4506.
Package hyperref Info: Plain pages OFF on input line 4513.
Package hyperref Info: Backreferencing OFF on input line 4518.
Package hyperref Info: Implicit mode ON; LaTeX internals redefined.
Package hyperref Info: Bookmarks ON on input line 4751.
\c@Hy@tempcnt=\count101

(/data/tex/texmf/tex/latex/html/url.sty
\Urlmuskip=\muskip10
Package: url 2006/04/12  ver 3.3  Verb mode for urls, etc.
)
LaTeX Info: Redefining \url on input line 5104.
\XeTeXLinkMargin=\dimen116
\Fld@menulength=\count102
\Field@Width=\dimen117
\Fld@charsize=\dimen118
Package hyperref Info: Hyper figures OFF on input line 6358.
Package hyperref Info: Link nesting OFF on input line 6363.
Package hyperref Info: Hyper index ON on input line 6366.
Package hyperref Info: backreferencing OFF on input line 6373.
Package hyperref Info: Link coloring OFF on input line 6378.
Package hyperref Info: Link coloring with OCG OFF on input line 6383.
Package hyperref Info: PDF/A mode OFF on input line 6388.
LaTeX Info: Redefining \ref on input line 6428.
LaTeX Info: Redefining \pageref on input line 6432.
\Hy@abspage=\count103
\c@Item=\count104
\c@Hfootnote=\count105
)

Package hyperref Message: Driver (autodetected): hpdftex.

(/usr/share/texmf/tex/latex/hyperref/hpdftex.def
File: hpdftex.def 2017/03/14 v6.85a Hyperref driver for pdfTeX
\Fld@listcount=\count106
\c@bookmark@seq@number=\count107
\Hy@SectionHShift=\skip43
)
(/usr/share/texmf/tex/latex/booktabs/booktabs.sty
Package: booktabs 2016/04/27 v1.618033 publication quality tables
\heavyrulewidth=\dimen119
\lightrulewidth=\dimen120
\cmidrulewidth=\dimen121
\belowrulesep=\dimen122
\belowbottomsep=\dimen123
\aboverulesep=\dimen124
\abovetopsep=\dimen125
\cmidrulesep=\dimen126
\cmidrulekern=\dimen127
\defaultaddspace=\dimen128
\@cmidla=\count108
\@cmidlb=\count109
\@aboverulesep=\dimen129
\@belowrulesep=\dimen130
\@thisruleclass=\count110
\@lastruleclass=\count111
\@thisrulewidth=\dimen131
)
(/usr/share/texmf/tex/latex/listings/listings.sty
\lst@mode=\count112
\lst@gtempboxa=\box29
\lst@token=\toks16
\lst@length=\count113
\lst@currlwidth=\dimen132
\lst@column=\count114
\lst@pos=\count115
\lst@lostspace=\dimen133
\lst@width=\dimen134
\lst@newlines=\count116
\lst@lineno=\count117
\lst@maxwidth=\dimen135

(/usr/share/texmf/tex/latex/listings/lstmisc.sty
File: lstmisc.sty 2015/06/04 1.6 (Carsten Heinz)
\c@lstnumber=\count118
\lst@skipnumbers=\count119
\lst@framebox=\box30
)
(/usr/share/texmf/tex/latex/listings/listings.cfg
File: listings.cfg 2015/06/04 1.6 listings configuration
))
Package: listings 2015/06/04 1.6 (Carsten Heinz)

(/usr/share/texmf/tex/latex/base/inputenc.sty
Package: inputenc 2015/03/17 v1.2c Input encoding file
\inpenc@prehook=\toks17
\inpenc@posthook=\toks18

(/usr/share/texmf/tex/latex/base/latin1.def
File: latin1.def 2015/03/17 v1.2c Input encoding file
))
(/usr/share/texmf/tex/latex/pgf/frontendlayer/tikz.sty
(/usr/share/texmf/tex/latex/pgf/basiclayer/pgf.sty
(/usr/share/texmf/tex/latex/pgf/utilities/pgfrcs.sty
(/data/tex/texmf/tex/generic/tex/generic/pgf/utilities/pgfutil-common.tex
\pgfutil@everybye=\toks19
)
(/data/tex/texmf/tex/generic/tex/generic/pgf/utilities/pgfutil-latex.def
\pgfutil@abb=\box31
)
(/data/tex/texmf/tex/generic/tex/generic/pgf/utilities/pgfrcs.code.tex
Package: pgfrcs 2010/11/07 v2.10-cvs (rcs-revision 1.25)
))
Package: pgf 2015/08/07 v2.10-cvs (rcs-revision 1.15)

(/usr/share/texmf/tex/latex/pgf/basiclayer/pgfcore.sty
(/usr/share/texmf/tex/latex/pgf/systemlayer/pgfsys.sty
(/data/tex/texmf/tex/generic/tex/generic/pgf/systemlayer/pgfsys.code.tex
Package: pgfsys 2012/03/30 v2.10-cvs (rcs-revision 1.38)

(/data/tex/texmf/tex/generic/tex/generic/pgf/utilities/pgfkeys.code.tex
\pgfkeys@pathtoks=\toks20
\pgfkeys@temptoks=\toks21

(/data/tex/texmf/tex/generic/tex/generic/pgf/utilities/pgfkeysfiltered.code.tex
\pgfkeys@tmptoks=\toks22
))
\pgf@x=\dimen136
\pgf@y=\dimen137
\pgf@xa=\dimen138
\pgf@ya=\dimen139
\pgf@xb=\dimen140
\pgf@yb=\dimen141
\pgf@xc=\dimen142
\pgf@yc=\dimen143
\w@pgf@writea=\write3
\r@pgf@reada=\read1
\c@pgf@counta=\count120
\c@pgf@countb=\count121
\c@pgf@countc=\count122
\c@pgf@countd=\count123
 (/data/tex/texmf/tex/generic/tex/generic/pgf/systemlayer/pgf.cfg
File: pgf.cfg 2008/05/14  (rcs-revision 1.7)
)
Package pgfsys Info: Driver file for pgf: pgfsys-pdftex.def on input line 919.

(/data/tex/texmf/tex/generic/tex/generic/pgf/systemlayer/pgfsys-pdftex.def
File: pgfsys-pdftex.def 2012/09/26  (rcs-revision 1.28)

(/data/tex/texmf/tex/generic/tex/generic/pgf/systemlayer/pgfsys-common-pdf.def
File: pgfsys-common-pdf.def 2008/05/19  (rcs-revision 1.10)
)))
(/data/tex/texmf/tex/generic/tex/generic/pgf/systemlayer/pgfsyssoftpath.code.te
x
File: pgfsyssoftpath.code.tex 2008/07/18  (rcs-revision 1.7)
\pgfsyssoftpath@smallbuffer@items=\count124
\pgfsyssoftpath@bigbuffer@items=\count125
)
(/data/tex/texmf/tex/generic/tex/generic/pgf/systemlayer/pgfsysprotocol.code.te
x
File: pgfsysprotocol.code.tex 2006/10/16  (rcs-revision 1.4)
)) (/usr/share/texmf/tex/latex/xcolor/xcolor.sty
Package: xcolor 2016/05/11 v2.12 LaTeX color extensions (UK)

(/usr/share/texmf/tex/latex/graphics-cfg/color.cfg
File: color.cfg 2016/01/02 v1.6 sample color configuration
)
Package xcolor Info: Driver file: pdftex.def on input line 225.
Package xcolor Info: Model `cmy' substituted by `cmy0' on input line 1348.
Package xcolor Info: Model `hsb' substituted by `rgb' on input line 1352.
Package xcolor Info: Model `RGB' extended on input line 1364.
Package xcolor Info: Model `HTML' substituted by `rgb' on input line 1366.
Package xcolor Info: Model `Hsb' substituted by `hsb' on input line 1367.
Package xcolor Info: Model `tHsb' substituted by `hsb' on input line 1368.
Package xcolor Info: Model `HSB' substituted by `hsb' on input line 1369.
Package xcolor Info: Model `Gray' substituted by `gray' on input line 1370.
Package xcolor Info: Model `wave' substituted by `hsb' on input line 1371.
)
(/data/tex/texmf/tex/generic/tex/generic/pgf/basiclayer/pgfcore.code.tex
Package: pgfcore 2010/04/11 v2.10-cvs (rcs-revision 1.7)

(/data/tex/texmf/tex/generic/tex/generic/pgf/math/pgfmath.code.tex
(/data/tex/texmf/tex/generic/tex/generic/pgf/math/pgfmathcalc.code.tex
(/data/tex/texmf/tex/generic/tex/generic/pgf/math/pgfmathutil.code.tex)
(/data/tex/texmf/tex/generic/tex/generic/pgf/math/pgfmathparser.code.tex
\pgfmath@dimen=\dimen144
\pgfmath@count=\count126
\pgfmath@box=\box32
\pgfmath@toks=\toks23
\pgfmath@stack@operand=\toks24
\pgfmath@stack@operation=\toks25
)
(/data/tex/texmf/tex/generic/tex/generic/pgf/math/pgfmathfunctions.code.tex
(/data/tex/texmf/tex/generic/tex/generic/pgf/math/pgfmathfunctions.basic.code.t
ex)
(/data/tex/texmf/tex/generic/tex/generic/pgf/math/pgfmathfunctions.trigonometri
c.code.tex)
(/data/tex/texmf/tex/generic/tex/generic/pgf/math/pgfmathfunctions.random.code.
tex)
(/data/tex/texmf/tex/generic/tex/generic/pgf/math/pgfmathfunctions.comparison.c
ode.tex)
(/data/tex/texmf/tex/generic/tex/generic/pgf/math/pgfmathfunctions.base.code.te
x)
(/data/tex/texmf/tex/generic/tex/generic/pgf/math/pgfmathfunctions.round.code.t
ex)
(/data/tex/texmf/tex/generic/tex/generic/pgf/math/pgfmathfunctions.misc.code.te
x)
(/data/tex/texmf/tex/generic/tex/generic/pgf/math/pgfmathfunctions.integerarith
metics.code.tex)))
(/data/tex/texmf/tex/generic/tex/generic/pgf/math/pgfmathfloat.code.tex
\c@pgfmathroundto@lastzeros=\count127
))
(/data/tex/texmf/tex/generic/tex/generic/pgf/basiclayer/pgfcorepoints.code.tex
File: pgfcorepoints.code.tex 2012/01/06  (rcs-revision 1.21)
\pgf@picminx=\dimen145
\pgf@picmaxx=\dimen146
\pgf@picminy=\dimen147
\pgf@picmaxy=\dimen148
\pgf@pathminx=\dimen149
\pgf@pathmaxx=\dimen150
\pgf@pathminy=\dimen151
\pgf@pathmaxy=\dimen152
\pgf@xx=\dimen153
\pgf@xy=\dimen154
\pgf@yx=\dimen155
\pgf@yy=\dimen156
\pgf@zx=\dimen157
\pgf@zy=\dimen158
)
(/data/tex/texmf/tex/generic/tex/generic/pgf/basiclayer/pgfcorepathconstruct.co
de.tex
File: pgfcorepathconstruct.code.tex 2011/04/17  (rcs-revision 1.25)
\pgf@path@lastx=\dimen159
\pgf@path@lasty=\dimen160
)
(/data/tex/texmf/tex/generic/tex/generic/pgf/basiclayer/pgfcorepathusage.code.t
ex
File: pgfcorepathusage.code.tex 2008/04/22  (rcs-revision 1.12)
\pgf@shorten@end@additional=\dimen161
\pgf@shorten@start@additional=\dimen162
)
(/data/tex/texmf/tex/generic/tex/generic/pgf/basiclayer/pgfcorescopes.code.tex
File: pgfcorescopes.code.tex 2011/10/01  (rcs-revision 1.37)
\pgfpic=\box33
\pgf@hbox=\box34
\pgf@layerbox@main=\box35
\pgf@picture@serial@count=\count128
)
(/data/tex/texmf/tex/generic/tex/generic/pgf/basiclayer/pgfcoregraphicstate.cod
e.tex
File: pgfcoregraphicstate.code.tex 2008/04/22  (rcs-revision 1.9)
\pgflinewidth=\dimen163
)
(/data/tex/texmf/tex/generic/tex/generic/pgf/basiclayer/pgfcoretransformations.
code.tex
File: pgfcoretransformations.code.tex 2012/01/06  (rcs-revision 1.12)
\pgf@pt@x=\dimen164
\pgf@pt@y=\dimen165
\pgf@pt@temp=\dimen166
)
(/data/tex/texmf/tex/generic/tex/generic/pgf/basiclayer/pgfcorequick.code.tex
File: pgfcorequick.code.tex 2008/10/09  (rcs-revision 1.3)
)
(/data/tex/texmf/tex/generic/tex/generic/pgf/basiclayer/pgfcoreobjects.code.tex
File: pgfcoreobjects.code.tex 2006/10/11  (rcs-revision 1.2)
)
(/data/tex/texmf/tex/generic/tex/generic/pgf/basiclayer/pgfcorepathprocessing.c
ode.tex
File: pgfcorepathprocessing.code.tex 2008/10/09  (rcs-revision 1.8)
)
(/data/tex/texmf/tex/generic/tex/generic/pgf/basiclayer/pgfcorearrows.code.tex
File: pgfcorearrows.code.tex 2011/06/07  (rcs-revision 1.12)
) (/data/tex/texmf/tex/generic/tex/generic/pgf/basiclayer/pgfcoreshade.code.tex
File: pgfcoreshade.code.tex 2008/11/23  (rcs-revision 1.13)
\pgf@max=\dimen167
\pgf@sys@shading@range@num=\count129
) (/data/tex/texmf/tex/generic/tex/generic/pgf/basiclayer/pgfcoreimage.code.tex
File: pgfcoreimage.code.tex 2010/03/25  (rcs-revision 1.16)

(/data/tex/texmf/tex/generic/tex/generic/pgf/basiclayer/pgfcoreexternal.code.te
x
File: pgfcoreexternal.code.tex 2012/06/18  (rcs-revision 1.19)
\pgfexternal@startupbox=\box36
))
(/data/tex/texmf/tex/generic/tex/generic/pgf/basiclayer/pgfcorelayers.code.tex
File: pgfcorelayers.code.tex 2011/10/02  (rcs-revision 1.4)
)
(/data/tex/texmf/tex/generic/tex/generic/pgf/basiclayer/pgfcoretransparency.cod
e.tex
File: pgfcoretransparency.code.tex 2008/01/17  (rcs-revision 1.2)
)
(/data/tex/texmf/tex/generic/tex/generic/pgf/basiclayer/pgfcorepatterns.code.te
x
File: pgfcorepatterns.code.tex 2009/07/02  (rcs-revision 1.3)
)))
(/data/tex/texmf/tex/generic/tex/generic/pgf/modules/pgfmoduleshapes.code.tex
File: pgfmoduleshapes.code.tex 2012/08/29  (rcs-revision 1.22)
\pgfnodeparttextbox=\box37
)
(/data/tex/texmf/tex/generic/tex/generic/pgf/modules/pgfmoduleplot.code.tex
File: pgfmoduleplot.code.tex 2011/10/22  (rcs-revision 1.10)
)
(/usr/share/texmf/tex/latex/pgf/compatibility/pgfcomp-version-0-65.sty
Package: pgfcomp-version-0-65 2007/07/03 v2.10-cvs (rcs-revision 1.7)
\pgf@nodesepstart=\dimen168
\pgf@nodesepend=\dimen169
)
(/usr/share/texmf/tex/latex/pgf/compatibility/pgfcomp-version-1-18.sty
Package: pgfcomp-version-1-18 2007/07/23 v2.10-cvs (rcs-revision 1.1)
))
(/usr/share/texmf/tex/latex/pgf/utilities/pgffor.sty
(/usr/share/texmf/tex/latex/pgf/utilities/pgfkeys.sty
(/data/tex/texmf/tex/generic/tex/generic/pgf/utilities/pgfkeys.code.tex))
(/usr/share/texmf/tex/latex/pgf/math/pgfmath.sty
(/data/tex/texmf/tex/generic/tex/generic/pgf/math/pgfmath.code.tex))
(/data/tex/texmf/tex/generic/tex/generic/pgf/utilities/pgffor.code.tex
Package: pgffor 2012/08/27 v2.10-cvs (rcs-revision 1.22)

(/data/tex/texmf/tex/generic/tex/generic/pgf/math/pgfmath.code.tex)
\pgffor@iter=\dimen170
\pgffor@skip=\dimen171
\pgffor@stack=\toks26
\pgffor@toks=\toks27
))
(/data/tex/texmf/tex/generic/tex/generic/pgf/frontendlayer/tikz/tikz.code.tex
Package: tikz 2012/08/29 v2.10-cvs (rcs-revision 1.100)

(/data/tex/texmf/tex/generic/tex/generic/pgf/libraries/pgflibraryplothandlers.c
ode.tex
File: pgflibraryplothandlers.code.tex 2012/09/11 v2.10-cvs (rcs-revision 1.17)
\pgf@plot@mark@count=\count130
\pgfplotmarksize=\dimen172
)
\tikz@lastx=\dimen173
\tikz@lasty=\dimen174
\tikz@lastxsaved=\dimen175
\tikz@lastysaved=\dimen176
\tikzleveldistance=\dimen177
\tikzsiblingdistance=\dimen178
\tikz@figbox=\box38
\tikz@tempbox=\box39
\tikztreelevel=\count131
\tikznumberofchildren=\count132
\tikznumberofcurrentchild=\count133
\tikz@fig@count=\count134

(/data/tex/texmf/tex/generic/tex/generic/pgf/modules/pgfmodulematrix.code.tex
File: pgfmodulematrix.code.tex 2010/08/24  (rcs-revision 1.4)
\pgfmatrixcurrentrow=\count135
\pgfmatrixcurrentcolumn=\count136
\pgf@matrix@numberofcolumns=\count137
)
\tikz@expandcount=\count138

(/data/tex/texmf/tex/generic/tex/generic/pgf/frontendlayer/tikz/libraries/tikzl
ibrarytopaths.code.tex
File: tikzlibrarytopaths.code.tex 2008/06/17 v2.10-cvs (rcs-revision 1.2)
)))
(/data/tex/texmf/tex/generic/tex/generic/pgf/frontendlayer/tikz/libraries/tikzl
ibraryshapes.code.tex
File: tikzlibraryshapes.code.tex 2008/01/09 v2.10-cvs (rcs-revision 1.1)

(/data/tex/texmf/tex/generic/tex/generic/pgf/frontendlayer/tikz/libraries/tikzl
ibraryshapes.geometric.code.tex
File: tikzlibraryshapes.geometric.code.tex 2008/01/09 v2.10-cvs (rcs-revision 1
.1)

(/data/tex/texmf/tex/generic/tex/generic/pgf/libraries/shapes/pgflibraryshapes.
geometric.code.tex
File: pgflibraryshapes.geometric.code.tex 2008/06/26 v2.10-cvs (rcs-revision 1.
1)
))
(/data/tex/texmf/tex/generic/tex/generic/pgf/frontendlayer/tikz/libraries/tikzl
ibraryshapes.misc.code.tex
File: tikzlibraryshapes.misc.code.tex 2008/01/09 v2.10-cvs (rcs-revision 1.1)

(/data/tex/texmf/tex/generic/tex/generic/pgf/libraries/shapes/pgflibraryshapes.
misc.code.tex
File: pgflibraryshapes.misc.code.tex 2008/10/07 v2.10-cvs (rcs-revision 1.3)
))
(/data/tex/texmf/tex/generic/tex/generic/pgf/frontendlayer/tikz/libraries/tikzl
ibraryshapes.symbols.code.tex
File: tikzlibraryshapes.symbols.code.tex 2008/01/09 v2.10-cvs (rcs-revision 1.1
)

(/data/tex/texmf/tex/generic/tex/generic/pgf/libraries/shapes/pgflibraryshapes.
symbols.code.tex
File: pgflibraryshapes.symbols.code.tex 2009/10/27 v2.10-cvs (rcs-revision 1.3)

))
(/data/tex/texmf/tex/generic/tex/generic/pgf/frontendlayer/tikz/libraries/tikzl
ibraryshapes.arrows.code.tex
File: tikzlibraryshapes.arrows.code.tex 2008/01/09 v2.10-cvs (rcs-revision 1.1)


(/data/tex/texmf/tex/generic/tex/generic/pgf/libraries/shapes/pgflibraryshapes.
arrows.code.tex
File: pgflibraryshapes.arrows.code.tex 2008/06/26 v2.10-cvs (rcs-revision 1.1)
))
(/data/tex/texmf/tex/generic/tex/generic/pgf/frontendlayer/tikz/libraries/tikzl
ibraryshapes.callouts.code.tex
(/data/tex/texmf/tex/generic/tex/generic/pgf/libraries/shapes/pgflibraryshapes.
callouts.code.tex))
(/data/tex/texmf/tex/generic/tex/generic/pgf/frontendlayer/tikz/libraries/tikzl
ibraryshapes.multipart.code.tex
File: tikzlibraryshapes.multipart.code.tex 2008/01/09 v2.10-cvs (rcs-revision 1
.1)

(/data/tex/texmf/tex/generic/tex/generic/pgf/libraries/shapes/pgflibraryshapes.
multipart.code.tex
File: pgflibraryshapes.multipart.code.tex 2010/01/07 v2.10-cvs (rcs-revision 1.
2)
\pgfnodepartlowerbox=\box40
\pgfnodeparttwobox=\box41
\pgfnodepartthreebox=\box42
\pgfnodepartfourbox=\box43
\pgfnodeparttwentybox=\box44
\pgfnodepartnineteenbox=\box45
\pgfnodeparteighteenbox=\box46
\pgfnodepartseventeenbox=\box47
\pgfnodepartsixteenbox=\box48
\pgfnodepartfifteenbox=\box49
\pgfnodepartfourteenbox=\box50
\pgfnodepartthirteenbox=\box51
\pgfnodeparttwelvebox=\box52
\pgfnodepartelevenbox=\box53
\pgfnodeparttenbox=\box54
\pgfnodepartninebox=\box55
\pgfnodeparteightbox=\box56
\pgfnodepartsevenbox=\box57
\pgfnodepartsixbox=\box58
\pgfnodepartfivebox=\box59
)))
(/data/tex/texmf/tex/generic/tex/generic/pgf/frontendlayer/tikz/libraries/tikzl
ibraryarrows.code.tex
File: tikzlibraryarrows.code.tex 2008/01/09 v2.10-cvs (rcs-revision 1.1)

(/data/tex/texmf/tex/generic/tex/generic/pgf/libraries/pgflibraryarrows.code.te
x
File: pgflibraryarrows.code.tex 2008/10/27 v2.10-cvs (rcs-revision 1.9)
\arrowsize=\dimen179
)) (/usr/share/texmf/tex/generic/babel/babel.sty
Package: babel 2017/05/19 3.10 The Babel package

(/usr/share/texmf/tex/generic/babel-german/ngerman.ldf
Language: ngerman 2016/11/02 v2.9 German support for babel (new orthography)

(/usr/share/texmf/tex/generic/babel-german/ngermanb.ldf
Language: ngermanb 2016/11/02 v2.9 German support for babel (new orthography)

(/usr/share/texmf/tex/generic/babel/babel.def
File: babel.def 2017/05/19 3.10 Babel common definitions
\babel@savecnt=\count139
\U@D=\dimen180
)
Package babel Info: Making " an active character on input line 125.
)))
(/usr/share/texmf/tex/latex/listings/lstlang1.sty
File: lstlang1.sty 2015/06/04 1.6 listings language file
) (./DigBV_Aufgabe.aux
(./sections/overview.aux) (./sections/a.aux) (./sections/a1.aux

LaTeX Warning: Label `lst:code1' multiply defined.


LaTeX Warning: Label `lst:code1' multiply defined.

) (./sections/a2.aux

LaTeX Warning: Label `lst:code1' multiply defined.

) (./sections/a3.aux

LaTeX Warning: Label `lst:code1' multiply defined.


LaTeX Warning: Label `lst:contours' multiply defined.


LaTeX Warning: Label `lst:contours' multiply defined.

) (./sections/conclusion.aux)
\c@pagesLTS.arabic.1.local.cnt=\count140
)
\openout1 = `DigBV_Aufgabe.aux'.

LaTeX Font Info:    Checking defaults for OML/cmm/m/it on input line 31.
LaTeX Font Info:    ... okay on input line 31.
LaTeX Font Info:    Checking defaults for T1/cmr/m/n on input line 31.
LaTeX Font Info:    ... okay on input line 31.
LaTeX Font Info:    Checking defaults for OT1/cmr/m/n on input line 31.
LaTeX Font Info:    ... okay on input line 31.
LaTeX Font Info:    Checking defaults for OMS/cmsy/m/n on input line 31.
LaTeX Font Info:    ... okay on input line 31.
LaTeX Font Info:    Checking defaults for OMX/cmex/m/n on input line 31.
LaTeX Font Info:    ... okay on input line 31.
LaTeX Font Info:    Checking defaults for U/cmr/m/n on input line 31.
LaTeX Font Info:    ... okay on input line 31.
LaTeX Font Info:    Checking defaults for PD1/pdf/m/n on input line 31.
LaTeX Font Info:    ... okay on input line 31.
LaTeX Font Info:    Try loading font information for OT1+ptm on input line 31.
 (/usr/share/texmf/tex/latex/psnfss/ot1ptm.fd
File: ot1ptm.fd 2001/06/04 font definitions for OT1/ptm.
)
(/usr/share/texmf/tex/context/base/mkii/supp-pdf.mkii
[Loading MPS to PDF converter (version 2006.09.02).]
\scratchcounter=\count141
\scratchdimen=\dimen181
\scratchbox=\box60
\nofMPsegments=\count142
\nofMParguments=\count143
\everyMPshowfont=\toks28
\MPscratchCnt=\count144
\MPscratchDim=\dimen182
\MPnumerator=\count145
\makeMPintoPDFobject=\count146
\everyMPtoPDFconversion=\toks29
) (/usr/share/texmf/tex/latex/oberdiek/epstopdf-base.sty
Package: epstopdf-base 2016/05/15 v2.6 Base part for package epstopdf

(/usr/share/texmf/tex/latex/oberdiek/grfext.sty
Package: grfext 2016/05/16 v1.2 Manage graphics extensions (HO)
)
Package epstopdf-base Info: Redefining graphics rule for `.eps' on input line 4
38.
Package grfext Info: Graphics extension search list:
(grfext)             [.png,.pdf,.jpg,.mps,.jpeg,.jbig2,.jb2,.PNG,.PDF,.JPG,.JPE
G,.JBIG2,.JB2,.eps]
(grfext)             \AppendGraphicsExtensions on input line 456.

(/usr/share/texmf/tex/latex/latexconfig/epstopdf-sys.cfg
File: epstopdf-sys.cfg 2010/07/13 v1.3 Configuration of (r)epstopdf for TeX Liv
e
))
ABD: EveryShipout initializing macros
\AtBeginShipoutBox=\box61
Package hyperref Info: Link coloring OFF on input line 31.

(/usr/share/texmf/tex/latex/hyperref/nameref.sty
Package: nameref 2016/05/21 v2.44 Cross-referencing by name of section

(/usr/share/texmf/tex/generic/oberdiek/gettitlestring.sty
Package: gettitlestring 2016/05/16 v1.5 Cleanup title references (HO)
)
\c@section@level=\count147
)
LaTeX Info: Redefining \ref on input line 31.
LaTeX Info: Redefining \pageref on input line 31.
LaTeX Info: Redefining \nameref on input line 31.

(./DigBV_Aufgabe.out) (./DigBV_Aufgabe.out)
\@outlinefile=\write4
\openout4 = `DigBV_Aufgabe.out'.

\c@lstlisting=\count148
\c@pagesLTS.pnc.arabic=\count149
\c@pagesLTS.double.arabic=\count150
\c@pagesLTS.current.local.arabic=\count151
LaTeX Font Info:    Try loading font information for OT1+phv on input line 38.

(/usr/share/texmf/tex/latex/psnfss/ot1phv.fd
File: ot1phv.fd 2001/06/04 scalable font definitions for OT1/phv.
)
LaTeX Font Info:    External font `cmex10' loaded for size
(Font)              <7> on input line 39.
LaTeX Font Info:    External font `cmex10' loaded for size
(Font)              <5> on input line 39.
LaTeX Font Info:    Font shape `OT1/ptm/bx/n' in size <14.4> not available
(Font)              Font shape `OT1/ptm/b/n' tried instead on input line 48.
LaTeX Font Info:    Font shape `OT1/ptm/bx/n' in size <10> not available
(Font)              Font shape `OT1/ptm/b/n' tried instead on input line 66.

Overfull \hbox (28.45276pt too wide) in paragraph at lines 67--67
[]$[]$
 []


Overfull \hbox (28.45276pt too wide) in paragraph at lines 68--68
[]$[]$
 []


Overfull \hbox (28.45276pt too wide) in paragraph at lines 69--69
[]$[]$
 []

(./DigBV_Aufgabe.toc [1

{/var/lib/texmf/fonts/map/pdftex/updmap/pdftex.map}])
\tf@toc=\write5
\openout5 = `DigBV_Aufgabe.toc'.


[2]
\openout2 = `sections/overview.aux'.

 (./sections/overview.tex <fig/harry1.jpg, id=95, 129.8451pt x 144.7809pt>
File: fig/harry1.jpg Graphic file (type jpg)

<use fig/harry1.jpg>
Package pdftex.def Info: fig/harry1.jpg used on input line 9.
(pdftex.def)             Requested size: 93.15031pt x 103.86438pt.
 <fig/harry2.jpg, id=96, 203.5605pt x 223.43475pt>
File: fig/harry2.jpg Graphic file (type jpg)

<use fig/harry2.jpg>
Package pdftex.def Info: fig/harry2.jpg used on input line 16.
(pdftex.def)             Requested size: 93.15031pt x 102.24596pt.
LaTeX Font Info:    External font `cmex10' loaded for size
(Font)              <8> on input line 23.
LaTeX Font Info:    External font `cmex10' loaded for size
(Font)              <6> on input line 23.
LaTeX Font Info:    Try loading font information for OT1+pcr on input line 23.
 (/usr/share/texmf/tex/latex/psnfss/ot1pcr.fd
File: ot1pcr.fd 2001/06/04 font definitions for OT1/pcr.
)
Overfull \hbox (149.40033pt too wide) in paragraph at lines 23--23
[][][][]$\OT1/pcr/m/n/8 https : / / assets . cdn . moviepilot . de / files / 8a
2cc0d2eb31c41136fb2be242540606dcd50821980e830481404b276065 /
 []


Underfull \hbox (badness 10000) in paragraph at lines 24--24
[][][][]$\OT1/pcr/m/n/8 https : / / www . tres-[]click . com / wp-[]content / u
ploads / 2019 / 06 /
 []

LaTeX Font Info:    Try loading font information for OMS+ptm on input line 28.
(/usr/share/texmf/tex/latex/psnfss/omsptm.fd
File: omsptm.fd 
)
LaTeX Font Info:    Font shape `OMS/ptm/m/n' in size <10> not available
(Font)              Font shape `OMS/cmsy/m/n' tried instead on input line 28.
 [3

 <./fig/harry1.jpg> <./fig/harry2.jpg>]
LaTeX Font Info:    Font shape `OT1/ptm/bx/n' in size <12> not available
(Font)              Font shape `OT1/ptm/b/n' tried instead on input line 38.
 <fig/pycharm.png, id=117, 1446.15282pt x 801.74532pt>
File: fig/pycharm.png Graphic file (type png)

<use fig/pycharm.png>
Package pdftex.def Info: fig/pycharm.png used on input line 49.
(pdftex.def)             Requested size: 345.0pt x 191.2606pt.
 [4 <./fig/pycharm.png (PNG copy)>]
<fig/Run-Configs.png, id=128, 475.27562pt x 511.41063pt>
File: fig/Run-Configs.png Graphic file (type png)

<use fig/Run-Configs.png>
Package pdftex.def Info: fig/Run-Configs.png used on input line 79.
(pdftex.def)             Requested size: 224.2479pt x 241.29944pt.
 [5 <./fig/Run-Configs.png>]
Underfull \hbox (badness 1675) in paragraph at lines 87--88
 []\OT1/ptm/b/n/10 Eigene Al-go-rith-men ein-bin-den. \OT1/ptm/m/n/10 F[]ur Sie
 sind nur die Da-tei-en im Da-teipfad
 []

Package hyperref Info: bookmark level for unknown lstlisting defaults to 0 on i
nput line 94.
LaTeX Font Info:    Font shape `OT1/pcr/bx/n' in size <8> not available
(Font)              Font shape `OT1/pcr/b/n' tried instead on input line 95.
[6]) [7]
\openout2 = `sections/a.aux'.

 (./sections/a.tex [8


]) [9]
\openout2 = `sections/a1.aux'.

 (./sections/a1.tex
LaTeX Font Info:    Font shape `OT1/pcr/m/it' in size <8> not available
(Font)              Font shape `OT1/pcr/m/sl' tried instead on input line 33.
 [10


]) [11]
\openout2 = `sections/a2.aux'.


(./sections/a2.tex [12


]) [13]
\openout2 = `sections/a3.aux'.

 (./sections/a3.tex [14


] [15]) [16]
\openout2 = `sections/conclusion.aux'.


(./sections/conclusion.tex) [17


] 
AED: pageslts setting LastPage 
Package atveryend Info: Empty hook `BeforeClearDocument' on input line 86.
Package atveryend Info: Executing hook `AfterLastShipout' on input line 86.
\c@pagesLTS.arabic.1.local.count=\count152

AED: pageslts setting VeryLastPage via AfterLastShipout 

AED: pageslts setting LastPages via AfterLastShipout 


Package pageslts Info: Total number of pages is odd.


(./DigBV_Aufgabe.aux (./sections/overview.aux) (./sections/a.aux)
(./sections/a1.aux) (./sections/a2.aux) (./sections/a3.aux)
(./sections/conclusion.aux))
Package atveryend Info: Executing hook `AtVeryEndDocument' on input line 86.
Package atveryend Info: Executing hook `AtEndAfterFileList' on input line 86.
Package rerunfilecheck Info: File `DigBV_Aufgabe.out' has not changed.
(rerunfilecheck)             Checksum: A6ADFE0CE58667BB4633B2797149341F;995.


LaTeX Warning: There were multiply-defined labels.

 ) 
Here is how much of TeX's memory you used:
 20007 strings out of 492995
 370654 string characters out of 6141053
 515114 words of memory out of 5000000
 22934 multiletter control sequences out of 15000+600000
 26139 words of font info for 51 fonts, out of 8000000 for 9000
 1141 hyphenation exceptions out of 8191
 67i,10n,72p,883b,1246s stack positions out of 5000i,500n,10000p,200000b,80000s
{/usr/share/texmf/fonts/enc/dvips/base/8r.enc}</usr/share/texmf/fonts/type1/p
ublic/amsfonts/cm/cmex10.pfb></usr/share/texmf/fonts/type1/public/amsfonts/cm/c
mmi10.pfb></usr/share/texmf/fonts/type1/public/amsfonts/cm/cmmi7.pfb></usr/shar
e/texmf/fonts/type1/public/amsfonts/cm/cmr10.pfb></usr/share/texmf/fonts/type1/
public/amsfonts/cm/cmr7.pfb></usr/share/texmf/fonts/type1/public/amsfonts/cm/cm
sy10.pfb></usr/share/texmf/fonts/type1/public/amsfonts/cm/cmsy7.pfb></usr/share
/texmf/fonts/type1/urw/courier/ucrb8a.pfb></usr/share/texmf/fonts/type1/urw/cou
rier/ucrr8a.pfb></usr/share/texmf/fonts/type1/urw/courier/ucrro8a.pfb></usr/sha
re/texmf/fonts/type1/urw/helvetic/uhvr8a.pfb></usr/share/texmf/fonts/type1/urw/
times/utmb8a.pfb></usr/share/texmf/fonts/type1/urw/times/utmr8a.pfb></usr/share
/texmf/fonts/type1/urw/times/utmri8a.pfb>
Output written on DigBV_Aufgabe.pdf (17 pages, 901146 bytes).
PDF statistics:
 377 PDF objects out of 1000 (max. 8388607)
 335 compressed objects within 4 object streams
 134 named destinations out of 1000 (max. 500000)
 153 words of extra memory for PDF output out of 10000 (max. 10000000)

